<?xml version="1.0" encoding="UTF-8"?>
<testng-results ignored="0" total="10" passed="10" failed="0" skipped="0">
  <reporter-output>
  </reporter-output>
  <suite started-at="2024-05-11T15:53:24 IST" name="RegressionSuite" finished-at="2024-05-11T15:55:58 IST" duration-ms="153521">
    <groups>
    </groups>
    <test started-at="2024-05-11T15:53:24 IST" name="ChromeTest" finished-at="2024-05-11T15:54:56 IST" duration-ms="92076">
      <class name="testNgClasses.VerifyAllElentsOnHomepageAreClickableOrNot">
        <test-method is-config="true" signature="beforeTest(java.lang.String)[pri:0, instance:testNgClasses.VerifyAllElentsOnHomepageAreClickableOrNot@5876a9af]" started-at="2024-05-11T15:53:24 IST" name="beforeTest" finished-at="2024-05-11T15:53:29 IST" duration-ms="4725" status="PASS">
          <params>
            <param index="0">
              <value>
                <![CDATA[chrome]]>
              </value>
            </param>
          </params>
          <reporter-output>
          </reporter-output>
        </test-method> <!-- beforeTest -->
        <test-method is-config="true" signature="beforeClass()[pri:0, instance:testNgClasses.VerifyAllElentsOnHomepageAreClickableOrNot@5876a9af]" started-at="2024-05-11T15:53:32 IST" name="beforeClass" finished-at="2024-05-11T15:53:32 IST" duration-ms="54" status="PASS">
          <reporter-output>
          </reporter-output>
        </test-method> <!-- beforeClass -->
        <test-method is-config="true" signature="beforeMehtod()[pri:0, instance:testNgClasses.VerifyAllElentsOnHomepageAreClickableOrNot@5876a9af]" started-at="2024-05-11T15:53:32 IST" name="beforeMehtod" finished-at="2024-05-11T15:53:41 IST" duration-ms="9253" status="PASS">
          <reporter-output>
          </reporter-output>
        </test-method> <!-- beforeMehtod -->
        <test-method signature="test1()[pri:0, instance:testNgClasses.VerifyAllElentsOnHomepageAreClickableOrNot@5876a9af]" started-at="2024-05-11T15:53:41 IST" name="test1" finished-at="2024-05-11T15:54:25 IST" duration-ms="43879" status="PASS">
          <reporter-output>
          </reporter-output>
        </test-method> <!-- test1 -->
        <test-method is-config="true" signature="afterMehtod(org.testng.ITestResult)[pri:0, instance:testNgClasses.VerifyAllElentsOnHomepageAreClickableOrNot@5876a9af]" started-at="2024-05-11T15:54:25 IST" name="afterMehtod" finished-at="2024-05-11T15:54:27 IST" duration-ms="2126" status="PASS">
          <params>
            <param index="0">
              <value>
                <![CDATA[[TestResult name=test1 status=SUCCESS method=VerifyAllElentsOnHomepageAreClickableOrNot.test1()[pri:0, instance:testNgClasses.VerifyAllElentsOnHomepageAreClickableOrNot@5876a9af] output={null}]]]>
              </value>
            </param>
          </params>
          <reporter-output>
          </reporter-output>
        </test-method> <!-- afterMehtod -->
        <test-method is-config="true" signature="beforeMehtod()[pri:0, instance:testNgClasses.VerifyAllElentsOnHomepageAreClickableOrNot@5876a9af]" started-at="2024-05-11T15:54:27 IST" name="beforeMehtod" finished-at="2024-05-11T15:54:40 IST" duration-ms="13130" status="PASS">
          <reporter-output>
          </reporter-output>
        </test-method> <!-- beforeMehtod -->
        <test-method signature="test2()[pri:0, instance:testNgClasses.VerifyAllElentsOnHomepageAreClickableOrNot@5876a9af]" started-at="2024-05-11T15:54:40 IST" name="test2" finished-at="2024-05-11T15:54:49 IST" duration-ms="9084" status="PASS">
          <reporter-output>
          </reporter-output>
        </test-method> <!-- test2 -->
        <test-method is-config="true" signature="afterMehtod(org.testng.ITestResult)[pri:0, instance:testNgClasses.VerifyAllElentsOnHomepageAreClickableOrNot@5876a9af]" started-at="2024-05-11T15:54:49 IST" name="afterMehtod" finished-at="2024-05-11T15:54:54 IST" duration-ms="5088" status="PASS">
          <params>
            <param index="0">
              <value>
                <![CDATA[[TestResult name=test2 status=SUCCESS method=VerifyAllElentsOnHomepageAreClickableOrNot.test2()[pri:0, instance:testNgClasses.VerifyAllElentsOnHomepageAreClickableOrNot@5876a9af] output={null}]]]>
              </value>
            </param>
          </params>
          <reporter-output>
          </reporter-output>
        </test-method> <!-- afterMehtod -->
        <test-method is-config="true" signature="afterClass()[pri:0, instance:testNgClasses.VerifyAllElentsOnHomepageAreClickableOrNot@5876a9af]" started-at="2024-05-11T15:54:54 IST" name="afterClass" finished-at="2024-05-11T15:54:54 IST" duration-ms="1" status="PASS">
          <reporter-output>
          </reporter-output>
        </test-method> <!-- afterClass -->
        <test-method is-config="true" signature="closeBrowser()[pri:0, instance:testNgClasses.VerifyAllElentsOnHomepageAreClickableOrNot@5876a9af]" started-at="2024-05-11T15:54:54 IST" name="closeBrowser" finished-at="2024-05-11T15:54:55 IST" duration-ms="573" status="PASS">
          <reporter-output>
          </reporter-output>
        </test-method> <!-- closeBrowser -->
      </class> <!-- testNgClasses.VerifyAllElentsOnHomepageAreClickableOrNot -->
      <class name="testNgClasses.VerifyThatUserIsAbleToLoginIntoFacebookAccount">
        <test-method is-config="true" signature="beforeTest(java.lang.String)[pri:0, instance:testNgClasses.VerifyThatUserIsAbleToLoginIntoFacebookAccount@7ec7ffd3]" started-at="2024-05-11T15:53:29 IST" name="beforeTest" finished-at="2024-05-11T15:53:30 IST" duration-ms="1291" status="PASS">
          <params>
            <param index="0">
              <value>
                <![CDATA[chrome]]>
              </value>
            </param>
          </params>
          <reporter-output>
          </reporter-output>
        </test-method> <!-- beforeTest -->
        <test-method is-config="true" signature="beforeClass()[pri:0, instance:testNgClasses.VerifyThatUserIsAbleToLoginIntoFacebookAccount@7ec7ffd3]" started-at="2024-05-11T15:53:32 IST" name="beforeClass" finished-at="2024-05-11T15:53:32 IST" duration-ms="63" status="PASS">
          <reporter-output>
          </reporter-output>
        </test-method> <!-- beforeClass -->
        <test-method is-config="true" signature="beforeMehtod()[pri:0, instance:testNgClasses.VerifyThatUserIsAbleToLoginIntoFacebookAccount@7ec7ffd3]" started-at="2024-05-11T15:53:32 IST" name="beforeMehtod" finished-at="2024-05-11T15:53:34 IST" duration-ms="2283" status="PASS">
          <reporter-output>
          </reporter-output>
        </test-method> <!-- beforeMehtod -->
        <test-method signature="facebookLogin()[pri:0, instance:testNgClasses.VerifyThatUserIsAbleToLoginIntoFacebookAccount@7ec7ffd3]" started-at="2024-05-11T15:53:34 IST" name="facebookLogin" finished-at="2024-05-11T15:54:23 IST" duration-ms="48601" status="PASS">
          <reporter-output>
          </reporter-output>
        </test-method> <!-- facebookLogin -->
        <test-method is-config="true" signature="afterMehtod(org.testng.ITestResult)[pri:0, instance:testNgClasses.VerifyThatUserIsAbleToLoginIntoFacebookAccount@7ec7ffd3]" started-at="2024-05-11T15:54:23 IST" name="afterMehtod" finished-at="2024-05-11T15:54:24 IST" duration-ms="1408" status="PASS">
          <params>
            <param index="0">
              <value>
                <![CDATA[[TestResult name=facebookLogin status=SUCCESS method=VerifyThatUserIsAbleToLoginIntoFacebookAccount.facebookLogin()[pri:0, instance:testNgClasses.VerifyThatUserIsAbleToLoginIntoFacebookAccount@7ec7ffd3] output={null}]]]>
              </value>
            </param>
          </params>
          <reporter-output>
          </reporter-output>
        </test-method> <!-- afterMehtod -->
        <test-method is-config="true" signature="afterClass()[pri:0, instance:testNgClasses.VerifyThatUserIsAbleToLoginIntoFacebookAccount@7ec7ffd3]" started-at="2024-05-11T15:54:24 IST" name="afterClass" finished-at="2024-05-11T15:54:24 IST" duration-ms="0" status="PASS">
          <reporter-output>
          </reporter-output>
        </test-method> <!-- afterClass -->
        <test-method is-config="true" signature="closeBrowser()[pri:0, instance:testNgClasses.VerifyThatUserIsAbleToLoginIntoFacebookAccount@7ec7ffd3]" started-at="2024-05-11T15:54:55 IST" name="closeBrowser" finished-at="2024-05-11T15:54:56 IST" duration-ms="876" status="PASS">
          <reporter-output>
          </reporter-output>
        </test-method> <!-- closeBrowser -->
      </class> <!-- testNgClasses.VerifyThatUserIsAbleToLoginIntoFacebookAccount -->
      <class name="testNgClasses.verifyForgotPasswordFunctonality">
        <test-method is-config="true" signature="beforeTest(java.lang.String)[pri:0, instance:testNgClasses.verifyForgotPasswordFunctonality@4a94ee4]" started-at="2024-05-11T15:53:30 IST" name="beforeTest" finished-at="2024-05-11T15:53:32 IST" duration-ms="1431" status="PASS">
          <params>
            <param index="0">
              <value>
                <![CDATA[chrome]]>
              </value>
            </param>
          </params>
          <reporter-output>
          </reporter-output>
        </test-method> <!-- beforeTest -->
        <test-method is-config="true" signature="beforeClass()[pri:0, instance:testNgClasses.verifyForgotPasswordFunctonality@4a94ee4]" started-at="2024-05-11T15:53:32 IST" name="beforeClass" finished-at="2024-05-11T15:53:32 IST" duration-ms="55" status="PASS">
          <reporter-output>
          </reporter-output>
        </test-method> <!-- beforeClass -->
        <test-method is-config="true" signature="launchForgotPasswordpage()[pri:0, instance:testNgClasses.verifyForgotPasswordFunctonality@4a94ee4]" started-at="2024-05-11T15:53:32 IST" name="launchForgotPasswordpage" finished-at="2024-05-11T15:53:50 IST" duration-ms="18083" status="PASS">
          <reporter-output>
          </reporter-output>
        </test-method> <!-- launchForgotPasswordpage -->
        <test-method signature="verifyPasswordShouldBeChangedSucccessfully()[pri:1, instance:testNgClasses.verifyForgotPasswordFunctonality@4a94ee4]" started-at="2024-05-11T15:53:50 IST" name="verifyPasswordShouldBeChangedSucccessfully" finished-at="2024-05-11T15:53:50 IST" duration-ms="255" status="PASS">
          <reporter-output>
          </reporter-output>
        </test-method> <!-- verifyPasswordShouldBeChangedSucccessfully -->
        <test-method is-config="true" signature="takeScreenshotOfFailedTestCases(org.testng.ITestResult)[pri:0, instance:testNgClasses.verifyForgotPasswordFunctonality@4a94ee4]" started-at="2024-05-11T15:53:50 IST" name="takeScreenshotOfFailedTestCases" finished-at="2024-05-11T15:53:50 IST" duration-ms="181" status="PASS">
          <params>
            <param index="0">
              <value>
                <![CDATA[[TestResult name=verifyPasswordShouldBeChangedSucccessfully status=SUCCESS method=verifyForgotPasswordFunctonality.verifyPasswordShouldBeChangedSucccessfully()[pri:1, instance:testNgClasses.verifyForgotPasswordFunctonality@4a94ee4] output={null}]]]>
              </value>
            </param>
          </params>
          <reporter-output>
          </reporter-output>
        </test-method> <!-- takeScreenshotOfFailedTestCases -->
        <test-method is-config="true" signature="launchForgotPasswordpage()[pri:0, instance:testNgClasses.verifyForgotPasswordFunctonality@4a94ee4]" started-at="2024-05-11T15:53:50 IST" name="launchForgotPasswordpage" finished-at="2024-05-11T15:54:16 IST" duration-ms="25174" status="PASS">
          <reporter-output>
          </reporter-output>
        </test-method> <!-- launchForgotPasswordpage -->
        <test-method signature="verifyErrorMessageWhenForgotFunctionalityIsUsed()[pri:2, instance:testNgClasses.verifyForgotPasswordFunctonality@4a94ee4]" started-at="2024-05-11T15:54:16 IST" name="verifyErrorMessageWhenForgotFunctionalityIsUsed" finished-at="2024-05-11T15:54:18 IST" duration-ms="2821" status="PASS">
          <reporter-output>
          </reporter-output>
        </test-method> <!-- verifyErrorMessageWhenForgotFunctionalityIsUsed -->
        <test-method is-config="true" signature="takeScreenshotOfFailedTestCases(org.testng.ITestResult)[pri:0, instance:testNgClasses.verifyForgotPasswordFunctonality@4a94ee4]" started-at="2024-05-11T15:54:18 IST" name="takeScreenshotOfFailedTestCases" finished-at="2024-05-11T15:54:19 IST" duration-ms="190" status="PASS">
          <params>
            <param index="0">
              <value>
                <![CDATA[[TestResult name=verifyErrorMessageWhenForgotFunctionalityIsUsed status=SUCCESS method=verifyForgotPasswordFunctonality.verifyErrorMessageWhenForgotFunctionalityIsUsed()[pri:2, instance:testNgClasses.verifyForgotPasswordFunctonality@4a94ee4] output={null}]]]>
              </value>
            </param>
          </params>
          <reporter-output>
          </reporter-output>
        </test-method> <!-- takeScreenshotOfFailedTestCases -->
        <test-method is-config="true" signature="closeBrowser()[pri:0, instance:testNgClasses.verifyForgotPasswordFunctonality@4a94ee4]" started-at="2024-05-11T15:54:19 IST" name="closeBrowser" finished-at="2024-05-11T15:54:19 IST" duration-ms="0" status="PASS">
          <reporter-output>
          </reporter-output>
        </test-method> <!-- closeBrowser -->
        <test-method is-config="true" signature="afterTest()[pri:0, instance:testNgClasses.verifyForgotPasswordFunctonality@4a94ee4]" started-at="2024-05-11T15:54:56 IST" name="afterTest" finished-at="2024-05-11T15:54:56 IST" duration-ms="497" status="PASS">
          <reporter-output>
          </reporter-output>
        </test-method> <!-- afterTest -->
      </class> <!-- testNgClasses.verifyForgotPasswordFunctonality -->
    </test> <!-- ChromeTest -->
    <test started-at="2024-05-11T15:54:56 IST" name="EdgeTest" finished-at="2024-05-11T15:55:58 IST" duration-ms="61399">
      <class name="testNgClasses.VerifyAllElentsOnHomepageAreClickableOrNot">
        <test-method is-config="true" signature="beforeTest(java.lang.String)[pri:0, instance:testNgClasses.VerifyAllElentsOnHomepageAreClickableOrNot@293a5bf6]" started-at="2024-05-11T15:54:56 IST" name="beforeTest" finished-at="2024-05-11T15:54:59 IST" duration-ms="2154" status="PASS">
          <params>
            <param index="0">
              <value>
                <![CDATA[edge]]>
              </value>
            </param>
          </params>
          <reporter-output>
          </reporter-output>
        </test-method> <!-- beforeTest -->
        <test-method is-config="true" signature="beforeClass()[pri:0, instance:testNgClasses.VerifyAllElentsOnHomepageAreClickableOrNot@293a5bf6]" started-at="2024-05-11T15:55:05 IST" name="beforeClass" finished-at="2024-05-11T15:55:06 IST" duration-ms="28" status="PASS">
          <reporter-output>
          </reporter-output>
        </test-method> <!-- beforeClass -->
        <test-method is-config="true" signature="beforeMehtod()[pri:0, instance:testNgClasses.VerifyAllElentsOnHomepageAreClickableOrNot@293a5bf6]" started-at="2024-05-11T15:55:06 IST" name="beforeMehtod" finished-at="2024-05-11T15:55:13 IST" duration-ms="7005" status="PASS">
          <reporter-output>
          </reporter-output>
        </test-method> <!-- beforeMehtod -->
        <test-method signature="test1()[pri:0, instance:testNgClasses.VerifyAllElentsOnHomepageAreClickableOrNot@293a5bf6]" started-at="2024-05-11T15:55:13 IST" name="test1" finished-at="2024-05-11T15:55:37 IST" duration-ms="24609" status="PASS">
          <reporter-output>
          </reporter-output>
        </test-method> <!-- test1 -->
        <test-method is-config="true" signature="afterMehtod(org.testng.ITestResult)[pri:0, instance:testNgClasses.VerifyAllElentsOnHomepageAreClickableOrNot@293a5bf6]" started-at="2024-05-11T15:55:37 IST" name="afterMehtod" finished-at="2024-05-11T15:55:39 IST" duration-ms="1393" status="PASS">
          <params>
            <param index="0">
              <value>
                <![CDATA[[TestResult name=test1 status=SUCCESS method=VerifyAllElentsOnHomepageAreClickableOrNot.test1()[pri:0, instance:testNgClasses.VerifyAllElentsOnHomepageAreClickableOrNot@293a5bf6] output={null}]]]>
              </value>
            </param>
          </params>
          <reporter-output>
          </reporter-output>
        </test-method> <!-- afterMehtod -->
        <test-method is-config="true" signature="beforeMehtod()[pri:0, instance:testNgClasses.VerifyAllElentsOnHomepageAreClickableOrNot@293a5bf6]" started-at="2024-05-11T15:55:39 IST" name="beforeMehtod" finished-at="2024-05-11T15:55:44 IST" duration-ms="5979" status="PASS">
          <reporter-output>
          </reporter-output>
        </test-method> <!-- beforeMehtod -->
        <test-method signature="test2()[pri:0, instance:testNgClasses.VerifyAllElentsOnHomepageAreClickableOrNot@293a5bf6]" started-at="2024-05-11T15:55:44 IST" name="test2" finished-at="2024-05-11T15:55:52 IST" duration-ms="7754" status="PASS">
          <reporter-output>
          </reporter-output>
        </test-method> <!-- test2 -->
        <test-method is-config="true" signature="afterMehtod(org.testng.ITestResult)[pri:0, instance:testNgClasses.VerifyAllElentsOnHomepageAreClickableOrNot@293a5bf6]" started-at="2024-05-11T15:55:52 IST" name="afterMehtod" finished-at="2024-05-11T15:55:53 IST" duration-ms="936" status="PASS">
          <params>
            <param index="0">
              <value>
                <![CDATA[[TestResult name=test2 status=SUCCESS method=VerifyAllElentsOnHomepageAreClickableOrNot.test2()[pri:0, instance:testNgClasses.VerifyAllElentsOnHomepageAreClickableOrNot@293a5bf6] output={null}]]]>
              </value>
            </param>
          </params>
          <reporter-output>
          </reporter-output>
        </test-method> <!-- afterMehtod -->
        <test-method is-config="true" signature="afterClass()[pri:0, instance:testNgClasses.VerifyAllElentsOnHomepageAreClickableOrNot@293a5bf6]" started-at="2024-05-11T15:55:53 IST" name="afterClass" finished-at="2024-05-11T15:55:53 IST" duration-ms="1" status="PASS">
          <reporter-output>
          </reporter-output>
        </test-method> <!-- afterClass -->
        <test-method is-config="true" signature="closeBrowser()[pri:0, instance:testNgClasses.VerifyAllElentsOnHomepageAreClickableOrNot@293a5bf6]" started-at="2024-05-11T15:55:53 IST" name="closeBrowser" finished-at="2024-05-11T15:55:55 IST" duration-ms="1632" status="PASS">
          <reporter-output>
          </reporter-output>
        </test-method> <!-- closeBrowser -->
      </class> <!-- testNgClasses.VerifyAllElentsOnHomepageAreClickableOrNot -->
      <class name="testNgClasses.VerifyThatUserIsAbleToLoginIntoFacebookAccount">
        <test-method is-config="true" signature="beforeTest(java.lang.String)[pri:0, instance:testNgClasses.VerifyThatUserIsAbleToLoginIntoFacebookAccount@6aeb35e6]" started-at="2024-05-11T15:54:59 IST" name="beforeTest" finished-at="2024-05-11T15:55:02 IST" duration-ms="3537" status="PASS">
          <params>
            <param index="0">
              <value>
                <![CDATA[edge]]>
              </value>
            </param>
          </params>
          <reporter-output>
          </reporter-output>
        </test-method> <!-- beforeTest -->
        <test-method is-config="true" signature="beforeClass()[pri:0, instance:testNgClasses.VerifyThatUserIsAbleToLoginIntoFacebookAccount@6aeb35e6]" started-at="2024-05-11T15:55:05 IST" name="beforeClass" finished-at="2024-05-11T15:55:06 IST" duration-ms="26" status="PASS">
          <reporter-output>
          </reporter-output>
        </test-method> <!-- beforeClass -->
        <test-method is-config="true" signature="beforeMehtod()[pri:0, instance:testNgClasses.VerifyThatUserIsAbleToLoginIntoFacebookAccount@6aeb35e6]" started-at="2024-05-11T15:55:06 IST" name="beforeMehtod" finished-at="2024-05-11T15:55:06 IST" duration-ms="613" status="PASS">
          <reporter-output>
          </reporter-output>
        </test-method> <!-- beforeMehtod -->
        <test-method signature="facebookLogin()[pri:0, instance:testNgClasses.VerifyThatUserIsAbleToLoginIntoFacebookAccount@6aeb35e6]" started-at="2024-05-11T15:55:06 IST" name="facebookLogin" finished-at="2024-05-11T15:55:29 IST" duration-ms="23048" status="PASS">
          <reporter-output>
          </reporter-output>
        </test-method> <!-- facebookLogin -->
        <test-method is-config="true" signature="afterMehtod(org.testng.ITestResult)[pri:0, instance:testNgClasses.VerifyThatUserIsAbleToLoginIntoFacebookAccount@6aeb35e6]" started-at="2024-05-11T15:55:29 IST" name="afterMehtod" finished-at="2024-05-11T15:55:31 IST" duration-ms="1899" status="PASS">
          <params>
            <param index="0">
              <value>
                <![CDATA[[TestResult name=facebookLogin status=SUCCESS method=VerifyThatUserIsAbleToLoginIntoFacebookAccount.facebookLogin()[pri:0, instance:testNgClasses.VerifyThatUserIsAbleToLoginIntoFacebookAccount@6aeb35e6] output={null}]]]>
              </value>
            </param>
          </params>
          <reporter-output>
          </reporter-output>
        </test-method> <!-- afterMehtod -->
        <test-method is-config="true" signature="afterClass()[pri:0, instance:testNgClasses.VerifyThatUserIsAbleToLoginIntoFacebookAccount@6aeb35e6]" started-at="2024-05-11T15:55:31 IST" name="afterClass" finished-at="2024-05-11T15:55:31 IST" duration-ms="0" status="PASS">
          <reporter-output>
          </reporter-output>
        </test-method> <!-- afterClass -->
        <test-method is-config="true" signature="closeBrowser()[pri:0, instance:testNgClasses.VerifyThatUserIsAbleToLoginIntoFacebookAccount@6aeb35e6]" started-at="2024-05-11T15:55:55 IST" name="closeBrowser" finished-at="2024-05-11T15:55:56 IST" duration-ms="1513" status="PASS">
          <reporter-output>
          </reporter-output>
        </test-method> <!-- closeBrowser -->
      </class> <!-- testNgClasses.VerifyThatUserIsAbleToLoginIntoFacebookAccount -->
      <class name="testNgClasses.verifyForgotPasswordFunctonality">
        <test-method is-config="true" signature="beforeTest(java.lang.String)[pri:0, instance:testNgClasses.verifyForgotPasswordFunctonality@42a48628]" started-at="2024-05-11T15:55:02 IST" name="beforeTest" finished-at="2024-05-11T15:55:05 IST" duration-ms="3298" status="PASS">
          <params>
            <param index="0">
              <value>
                <![CDATA[edge]]>
              </value>
            </param>
          </params>
          <reporter-output>
          </reporter-output>
        </test-method> <!-- beforeTest -->
        <test-method is-config="true" signature="beforeClass()[pri:0, instance:testNgClasses.verifyForgotPasswordFunctonality@42a48628]" started-at="2024-05-11T15:55:05 IST" name="beforeClass" finished-at="2024-05-11T15:55:06 IST" duration-ms="20" status="PASS">
          <reporter-output>
          </reporter-output>
        </test-method> <!-- beforeClass -->
        <test-method is-config="true" signature="launchForgotPasswordpage()[pri:0, instance:testNgClasses.verifyForgotPasswordFunctonality@42a48628]" started-at="2024-05-11T15:55:06 IST" name="launchForgotPasswordpage" finished-at="2024-05-11T15:55:14 IST" duration-ms="8533" status="PASS">
          <reporter-output>
          </reporter-output>
        </test-method> <!-- launchForgotPasswordpage -->
        <test-method signature="verifyPasswordShouldBeChangedSucccessfully()[pri:1, instance:testNgClasses.verifyForgotPasswordFunctonality@42a48628]" started-at="2024-05-11T15:55:14 IST" name="verifyPasswordShouldBeChangedSucccessfully" finished-at="2024-05-11T15:55:14 IST" duration-ms="293" status="PASS">
          <reporter-output>
          </reporter-output>
        </test-method> <!-- verifyPasswordShouldBeChangedSucccessfully -->
        <test-method is-config="true" signature="takeScreenshotOfFailedTestCases(org.testng.ITestResult)[pri:0, instance:testNgClasses.verifyForgotPasswordFunctonality@42a48628]" started-at="2024-05-11T15:55:14 IST" name="takeScreenshotOfFailedTestCases" finished-at="2024-05-11T15:55:14 IST" duration-ms="136" status="PASS">
          <params>
            <param index="0">
              <value>
                <![CDATA[[TestResult name=verifyPasswordShouldBeChangedSucccessfully status=SUCCESS method=verifyForgotPasswordFunctonality.verifyPasswordShouldBeChangedSucccessfully()[pri:1, instance:testNgClasses.verifyForgotPasswordFunctonality@42a48628] output={null}]]]>
              </value>
            </param>
          </params>
          <reporter-output>
          </reporter-output>
        </test-method> <!-- takeScreenshotOfFailedTestCases -->
        <test-method is-config="true" signature="launchForgotPasswordpage()[pri:0, instance:testNgClasses.verifyForgotPasswordFunctonality@42a48628]" started-at="2024-05-11T15:55:14 IST" name="launchForgotPasswordpage" finished-at="2024-05-11T15:55:18 IST" duration-ms="3902" status="PASS">
          <reporter-output>
          </reporter-output>
        </test-method> <!-- launchForgotPasswordpage -->
        <test-method signature="verifyErrorMessageWhenForgotFunctionalityIsUsed()[pri:2, instance:testNgClasses.verifyForgotPasswordFunctonality@42a48628]" started-at="2024-05-11T15:55:18 IST" name="verifyErrorMessageWhenForgotFunctionalityIsUsed" finished-at="2024-05-11T15:55:21 IST" duration-ms="2243" status="PASS">
          <reporter-output>
          </reporter-output>
        </test-method> <!-- verifyErrorMessageWhenForgotFunctionalityIsUsed -->
        <test-method is-config="true" signature="takeScreenshotOfFailedTestCases(org.testng.ITestResult)[pri:0, instance:testNgClasses.verifyForgotPasswordFunctonality@42a48628]" started-at="2024-05-11T15:55:21 IST" name="takeScreenshotOfFailedTestCases" finished-at="2024-05-11T15:55:21 IST" duration-ms="265" status="PASS">
          <params>
            <param index="0">
              <value>
                <![CDATA[[TestResult name=verifyErrorMessageWhenForgotFunctionalityIsUsed status=SUCCESS method=verifyForgotPasswordFunctonality.verifyErrorMessageWhenForgotFunctionalityIsUsed()[pri:2, instance:testNgClasses.verifyForgotPasswordFunctonality@42a48628] output={null}]]]>
              </value>
            </param>
          </params>
          <reporter-output>
          </reporter-output>
        </test-method> <!-- takeScreenshotOfFailedTestCases -->
        <test-method is-config="true" signature="closeBrowser()[pri:0, instance:testNgClasses.verifyForgotPasswordFunctonality@42a48628]" started-at="2024-05-11T15:55:21 IST" name="closeBrowser" finished-at="2024-05-11T15:55:21 IST" duration-ms="0" status="PASS">
          <reporter-output>
          </reporter-output>
        </test-method> <!-- closeBrowser -->
        <test-method is-config="true" signature="afterTest()[pri:0, instance:testNgClasses.verifyForgotPasswordFunctonality@42a48628]" started-at="2024-05-11T15:55:56 IST" name="afterTest" finished-at="2024-05-11T15:55:58 IST" duration-ms="1550" status="PASS">
          <reporter-output>
          </reporter-output>
        </test-method> <!-- afterTest -->
      </class> <!-- testNgClasses.verifyForgotPasswordFunctonality -->
    </test> <!-- EdgeTest -->
  </suite> <!-- RegressionSuite -->
</testng-results>
