<?xml version="1.0" encoding="UTF-8"?>
<!-- Generated by org.testng.reporters.JUnitXMLReporter -->
<testsuite ignored="0" hostname="LAPTOP-9J7G2HQJ" failures="0" tests="5" name="ChromeTest" time="92.076" errors="0" timestamp="2024-05-11T15:54:56 IST">
  <testcase classname="testNgClasses.verifyForgotPasswordFunctonality" name="verifyPasswordShouldBeChangedSucccessfully" time="0.255"/>
  <testcase classname="testNgClasses.verifyForgotPasswordFunctonality" name="verifyErrorMessageWhenForgotFunctionalityIsUsed" time="2.821"/>
  <testcase classname="testNgClasses.VerifyThatUserIsAbleToLoginIntoFacebookAccount" name="facebookLogin" time="48.601"/>
  <testcase classname="testNgClasses.VerifyAllElentsOnHomepageAreClickableOrNot" name="test1" time="43.879"/>
  <testcase classname="testNgClasses.VerifyAllElentsOnHomepageAreClickableOrNot" name="test2" time="9.084"/>
</testsuite> <!-- ChromeTest -->
