<?xml version="1.0" encoding="UTF-8"?>
<!-- Generated by org.testng.reporters.JUnitXMLReporter -->
<testsuite ignored="0" hostname="LAPTOP-9J7G2HQJ" failures="0" tests="5" name="EdgeTest" time="97.073" errors="0" timestamp="2024-05-11T12:59:21 IST">
  <testcase classname="testNgClasses.verifyForgotPasswordFunctonality" name="verifyPasswordShouldBeChangedSucccessfully" time="1.52"/>
  <testcase classname="testNgClasses.VerifyThatUserIsAbleToLoginIntoFacebookAccount" name="facebookLogin" time="22.674"/>
  <testcase classname="testNgClasses.verifyForgotPasswordFunctonality" name="verifyErrorMessageWhenForgotFunctionalityIsUsed" time="3.304"/>
  <testcase classname="testNgClasses.VerifyAllElentsOnHomepageAreClickableOrNot" name="test1" time="28.813"/>
  <testcase classname="testNgClasses.VerifyAllElentsOnHomepageAreClickableOrNot" name="test2" time="6.31"/>
</testsuite> <!-- EdgeTest -->
